  Compiling CUDA source file matrixMul.cu...
  
  E:\cuda-samples-master\Samples\0_Introduction\matrixMul>"C:\Program Files\NVIDIA GPU Computing Toolkit\CUDA\v11.8\bin\nvcc.exe" -gencode=arch=compute_50,code=\"sm_50,compute_50\" -gencode=arch=compute_52,code=\"sm_52,compute_52\" -gencode=arch=compute_60,code=\"sm_60,compute_60\" -gencode=arch=compute_61,code=\"sm_61,compute_61\" -gencode=arch=compute_70,code=\"sm_70,compute_70\" -gencode=arch=compute_75,code=\"sm_75,compute_75\" -gencode=arch=compute_80,code=\"sm_80,compute_80\" -gencode=arch=compute_86,code=\"sm_86,compute_86\" -gencode=arch=compute_90,code=\"sm_90,compute_90\" --use-local-env -ccbin "C:\Program Files\Microsoft Visual Studio\2022\Community\VC\Tools\MSVC\14.33.31629\bin\HostX64\x64" -x cu   -I./ -I../../../Common -IE:\msmpisdk\Include -IE:\msmpisdk\Include\x64 -I./ -I"C:\Program Files\NVIDIA GPU Computing Toolkit\CUDA\v11.8\/include" -I../../../Common -I"C:\Program Files\NVIDIA GPU Computing Toolkit\CUDA\v11.8\include"     --keep-dir x64\Release  -maxrregcount=0  --machine 64 --compile -cudart static -Xcompiler "/wd 4819"  --threads 0   -DWIN32 -DWIN32 -D_MBCS -D_MBCS -Xcompiler "/EHsc /W3 /nologo /O2 /Fdx64/Release/vc143.pdb /FS   /MT " -o E:\cuda-samples-master\Samples\0_Introduction\matrixMul\x64\Release\matrixMul.cu.obj "E:\cuda-samples-master\Samples\0_Introduction\matrixMul\matrixMul.cu" 
  matrixMul.cu
E:\cuda-samples-master\Samples\0_Introduction\matrixMul\matrixMul.cu(618): warning #177-D: variable "matrix_qty" was declared but never referenced
  
E:\cuda-samples-master\Samples\0_Introduction\matrixMul\matrixMul.cu(618): warning #177-D: variable "matrix_qty" was declared but never referenced
  
E:\cuda-samples-master\Samples\0_Introduction\matrixMul\matrixMul.cu(618): warning #177-D: variable "matrix_qty" was declared but never referenced
  
E:\cuda-samples-master\Samples\0_Introduction\matrixMul\matrixMul.cu(618): warning #177-D: variable "matrix_qty" was declared but never referenced
  
E:\cuda-samples-master\Samples\0_Introduction\matrixMul\matrixMul.cu(618): warning #177-D: variable "matrix_qty" was declared but never referenced
  
E:\cuda-samples-master\Samples\0_Introduction\matrixMul\matrixMul.cu(618): warning #177-D: variable "matrix_qty" was declared but never referenced
  
E:\cuda-samples-master\Samples\0_Introduction\matrixMul\matrixMul.cu(618): warning #177-D: variable "matrix_qty" was declared but never referenced
  
E:\cuda-samples-master\Samples\0_Introduction\matrixMul\matrixMul.cu(618): warning #177-D: variable "matrix_qty" was declared but never referenced
  
E:\cuda-samples-master\Samples\0_Introduction\matrixMul\matrixMul.cu(618): warning #177-D: variable "matrix_qty" was declared but never referenced
  
  tmpxft_00000530_00000000-7_matrixMul.compute_90.cudafe1.cpp
E:\cuda-samples-master\Samples\0_Introduction\matrixMul\matrixMul.cu(550): warning C4267: 'argument': conversion from 'size_t' to 'int', possible loss of data
E:\cuda-samples-master\Samples\0_Introduction\matrixMul\matrixMul.cu(560): warning C4267: 'argument': conversion from 'size_t' to 'unsigned int', possible loss of data
E:\cuda-samples-master\Samples\0_Introduction\matrixMul\matrixMul.cu(569): warning C4267: 'argument': conversion from 'size_t' to 'int', possible loss of data
E:\cuda-samples-master\Samples\0_Introduction\matrixMul\matrixMul.cu(602): warning C4267: 'argument': conversion from 'size_t' to 'unsigned int', possible loss of data
E:\cuda-samples-master\Samples\0_Introduction\matrixMul\matrixMul.cu(687): warning C4267: 'argument': conversion from 'size_t' to 'int', possible loss of data
E:\cuda-samples-master\Samples\0_Introduction\matrixMul\matrixMul.cu(692): warning C4267: 'argument': conversion from 'size_t' to 'int', possible loss of data
E:\cuda-samples-master\Samples\0_Introduction\matrixMul\matrixMul.cu(705): warning C4267: 'argument': conversion from 'size_t' to 'int', possible loss of data
E:\cuda-samples-master\Samples\0_Introduction\matrixMul\matrixMul.cu(618): warning C4101: 'matrix_qty': unreferenced local variable
     Creating library ../../../bin/win64/Release/matrixMul.lib and object ../../../bin/win64/Release/matrixMul.exp
  LINK : /LTCG specified but no code generation required; remove /LTCG from the link command line to improve linker performance
  matrixMul_vs2022.vcxproj -> E:\cuda-samples-master\bin\win64\Release\matrixMul.exe
